<?xml version="1.0" encoding="UTF-8"?>
<testsuite xmlns:xsi="http://www.w3.org/2001/XMLSchema-instance" xsi:noNamespaceSchemaLocation="https://maven.apache.org/surefire/maven-surefire-plugin/xsd/surefire-test-report.xsd" name="verbuspetclinic.VerbusPetClinicApplicationTests" time="0.198" tests="1" errors="1" skipped="0" failures="0">
  <properties>
[...]
</properties>
  <testcase name="verbuspetclinic.VerbusPetClinicApplicationTests" classname="verbuspetclinic.VerbusPetClinicApplicationTests" time="0.197">
    <error message="Unable to find a @SpringBootConfiguration, you need to use @ContextConfiguration or @SpringBootTest(classes=...) with your test" type="java.lang.IllegalStateException">java.lang.IllegalStateException: Unable to find a @SpringBootConfiguration, you need to use @ContextConfiguration or @SpringBootTest(classes=...) with your test
</error>
    <system-out><![CDATA[13:54:58.647 [main] DEBUG org.springframework.test.context.BootstrapUtils - Instantiating CacheAwareContextLoaderDelegate from class [org.springframework.test.context.cache.DefaultCacheAwareContextLoaderDelegate]
13:54:58.657 [main] DEBUG org.springframework.test.context.BootstrapUtils - Instantiating BootstrapContext using constructor [public org.springframework.test.context.support.DefaultBootstrapContext(java.lang.Class,org.springframework.test.context.CacheAwareContextLoaderDelegate)]
13:54:58.680 [main] DEBUG org.springframework.test.context.BootstrapUtils - Instantiating TestContextBootstrapper for test class [verbuspetclinic.VerbusPetClinicApplicationTests] from class [org.springframework.boot.test.context.SpringBootTestContextBootstrapper]
13:54:58.695 [main] INFO org.springframework.boot.test.context.SpringBootTestContextBootstrapper - Neither @ContextConfiguration nor @ContextHierarchy found for test class [verbuspetclinic.VerbusPetClinicApplicationTests], using SpringBootContextLoader
13:54:58.700 [main] DEBUG org.springframework.test.context.support.AbstractContextLoader - Did not detect default resource location for test class [verbuspetclinic.VerbusPetClinicApplicationTests]: class path resource [verbuspetclinic/VerbusPetClinicApplicationTests-context.xml] does not exist
13:54:58.701 [main] DEBUG org.springframework.test.context.support.AbstractContextLoader - Did not detect default resource location for test class [verbuspetclinic.VerbusPetClinicApplicationTests]: class path resource [verbuspetclinic/VerbusPetClinicApplicationTestsContext.groovy] does not exist
13:54:58.701 [main] INFO org.springframework.test.context.support.AbstractContextLoader - Could not detect default resource locations for test class [verbuspetclinic.VerbusPetClinicApplicationTests]: no resource found for suffixes {-context.xml, Context.groovy}.
13:54:58.702 [main] INFO org.springframework.test.context.support.AnnotationConfigContextLoaderUtils - Could not detect default configuration classes for test class [verbuspetclinic.VerbusPetClinicApplicationTests]: VerbusPetClinicApplicationTests does not declare any static, non-private, non-final, nested classes annotated with @Configuration.
13:54:58.745 [main] DEBUG org.springframework.test.context.support.ActiveProfilesUtils - Could not find an 'annotation declaring class' for annotation type [org.springframework.test.context.ActiveProfiles] and class [verbuspetclinic.VerbusPetClinicApplicationTests]
13:54:58.780 [main] DEBUG org.springframework.test.context.BootstrapUtils - Instantiating CacheAwareContextLoaderDelegate from class [org.springframework.test.context.cache.DefaultCacheAwareContextLoaderDelegate]
13:54:58.780 [main] DEBUG org.springframework.test.context.BootstrapUtils - Instantiating BootstrapContext using constructor [public org.springframework.test.context.support.DefaultBootstrapContext(java.lang.Class,org.springframework.test.context.CacheAwareContextLoaderDelegate)]
13:54:58.780 [main] DEBUG org.springframework.test.context.BootstrapUtils - Instantiating TestContextBootstrapper for test class [verbuspetclinic.VerbusPetClinicApplicationTests] from class [org.springframework.boot.test.context.SpringBootTestContextBootstrapper]
13:54:58.781 [main] INFO org.springframework.boot.test.context.SpringBootTestContextBootstrapper - Neither @ContextConfiguration nor @ContextHierarchy found for test class [verbuspetclinic.VerbusPetClinicApplicationTests], using SpringBootContextLoader
13:54:58.782 [main] DEBUG org.springframework.test.context.support.AbstractContextLoader - Did not detect default resource location for test class [verbuspetclinic.VerbusPetClinicApplicationTests]: class path resource [verbuspetclinic/VerbusPetClinicApplicationTests-context.xml] does not exist
13:54:58.782 [main] DEBUG org.springframework.test.context.support.AbstractContextLoader - Did not detect default resource location for test class [verbuspetclinic.VerbusPetClinicApplicationTests]: class path resource [verbuspetclinic/VerbusPetClinicApplicationTestsContext.groovy] does not exist
13:54:58.782 [main] INFO org.springframework.test.context.support.AbstractContextLoader - Could not detect default resource locations for test class [verbuspetclinic.VerbusPetClinicApplicationTests]: no resource found for suffixes {-context.xml, Context.groovy}.
13:54:58.782 [main] INFO org.springframework.test.context.support.AnnotationConfigContextLoaderUtils - Could not detect default configuration classes for test class [verbuspetclinic.VerbusPetClinicApplicationTests]: VerbusPetClinicApplicationTests does not declare any static, non-private, non-final, nested classes annotated with @Configuration.
13:54:58.784 [main] DEBUG org.springframework.test.context.support.ActiveProfilesUtils - Could not find an 'annotation declaring class' for annotation type [org.springframework.test.context.ActiveProfiles] and class [verbuspetclinic.VerbusPetClinicApplicationTests]
13:54:58.785 [main] DEBUG org.springframework.test.context.BootstrapUtils - Instantiating CacheAwareContextLoaderDelegate from class [org.springframework.test.context.cache.DefaultCacheAwareContextLoaderDelegate]
13:54:58.786 [main] DEBUG org.springframework.test.context.BootstrapUtils - Instantiating BootstrapContext using constructor [public org.springframework.test.context.support.DefaultBootstrapContext(java.lang.Class,org.springframework.test.context.CacheAwareContextLoaderDelegate)]
13:54:58.786 [main] DEBUG org.springframework.test.context.BootstrapUtils - Instantiating TestContextBootstrapper for test class [verbuspetclinic.VerbusPetClinicApplicationTests] from class [org.springframework.boot.test.context.SpringBootTestContextBootstrapper]
13:54:58.787 [main] INFO org.springframework.boot.test.context.SpringBootTestContextBootstrapper - Neither @ContextConfiguration nor @ContextHierarchy found for test class [verbuspetclinic.VerbusPetClinicApplicationTests], using SpringBootContextLoader
13:54:58.787 [main] DEBUG org.springframework.test.context.support.AbstractContextLoader - Did not detect default resource location for test class [verbuspetclinic.VerbusPetClinicApplicationTests]: class path resource [verbuspetclinic/VerbusPetClinicApplicationTests-context.xml] does not exist
13:54:58.788 [main] DEBUG org.springframework.test.context.support.AbstractContextLoader - Did not detect default resource location for test class [verbuspetclinic.VerbusPetClinicApplicationTests]: class path resource [verbuspetclinic/VerbusPetClinicApplicationTestsContext.groovy] does not exist
13:54:58.788 [main] INFO org.springframework.test.context.support.AbstractContextLoader - Could not detect default resource locations for test class [verbuspetclinic.VerbusPetClinicApplicationTests]: no resource found for suffixes {-context.xml, Context.groovy}.
13:54:58.788 [main] INFO org.springframework.test.context.support.AnnotationConfigContextLoaderUtils - Could not detect default configuration classes for test class [verbuspetclinic.VerbusPetClinicApplicationTests]: VerbusPetClinicApplicationTests does not declare any static, non-private, non-final, nested classes annotated with @Configuration.
13:54:58.789 [main] DEBUG org.springframework.test.context.support.ActiveProfilesUtils - Could not find an 'annotation declaring class' for annotation type [org.springframework.test.context.ActiveProfiles] and class [verbuspetclinic.VerbusPetClinicApplicationTests]
]]></system-out>
  </testcase>
</testsuite>