-------------------------------------------------------------------------------
Test set: verbuspetclinic.VerbusPetClinicApplicationTests
-------------------------------------------------------------------------------
Tests run: 1, Failures: 0, Errors: 1, Skipped: 0, Time elapsed: 0.198 s <<< FAILURE! - in verbuspetclinic.VerbusPetClinicApplicationTests
verbuspetclinic.VerbusPetClinicApplicationTests  Time elapsed: 0.197 s  <<< ERROR!
java.lang.IllegalStateException: Unable to find a @SpringBootConfiguration, you need to use @ContextConfiguration or @SpringBootTest(classes=...) with your test

